{"/home/grey_psn/Projects/fullstack-javascript-project-46/src/compare.js": {"path":"/home/grey_psn/Projects/fullstack-javascript-project-46/src/compare.js","statementMap":{"0":{"start":{"line":3,"column":16},"end":{"line":22,"column":1}},"1":{"start":{"line":4,"column":15},"end":{"line":4,"column":62}},"2":{"start":{"line":5,"column":17},"end":{"line":19,"column":4}},"3":{"start":{"line":6,"column":4},"end":{"line":8,"column":5}},"4":{"start":{"line":7,"column":6},"end":{"line":7,"column":56}},"5":{"start":{"line":9,"column":4},"end":{"line":11,"column":5}},"6":{"start":{"line":10,"column":6},"end":{"line":10,"column":58}},"7":{"start":{"line":12,"column":4},"end":{"line":14,"column":5}},"8":{"start":{"line":13,"column":6},"end":{"line":13,"column":60}},"9":{"start":{"line":15,"column":4},"end":{"line":17,"column":5}},"10":{"start":{"line":16,"column":6},"end":{"line":16,"column":79}},"11":{"start":{"line":18,"column":4},"end":{"line":18,"column":92}},"12":{"start":{"line":21,"column":2},"end":{"line":21,"column":16}}},"fnMap":{"0":{"name":"(anonymous_0)","decl":{"start":{"line":3,"column":16},"end":{"line":3,"column":17}},"loc":{"start":{"line":3,"column":34},"end":{"line":22,"column":1}},"line":3},"1":{"name":"(anonymous_1)","decl":{"start":{"line":5,"column":30},"end":{"line":5,"column":31}},"loc":{"start":{"line":5,"column":39},"end":{"line":19,"column":3}},"line":5}},"branchMap":{"0":{"loc":{"start":{"line":6,"column":4},"end":{"line":8,"column":5}},"type":"if","locations":[{"start":{"line":6,"column":4},"end":{"line":8,"column":5}},{"start":{},"end":{}}],"line":6},"1":{"loc":{"start":{"line":9,"column":4},"end":{"line":11,"column":5}},"type":"if","locations":[{"start":{"line":9,"column":4},"end":{"line":11,"column":5}},{"start":{},"end":{}}],"line":9},"2":{"loc":{"start":{"line":12,"column":4},"end":{"line":14,"column":5}},"type":"if","locations":[{"start":{"line":12,"column":4},"end":{"line":14,"column":5}},{"start":{},"end":{}}],"line":12},"3":{"loc":{"start":{"line":15,"column":4},"end":{"line":17,"column":5}},"type":"if","locations":[{"start":{"line":15,"column":4},"end":{"line":17,"column":5}},{"start":{},"end":{}}],"line":15},"4":{"loc":{"start":{"line":15,"column":8},"end":{"line":15,"column":56}},"type":"binary-expr","locations":[{"start":{"line":15,"column":8},"end":{"line":15,"column":30}},{"start":{"line":15,"column":34},"end":{"line":15,"column":56}}],"line":15}},"s":{"0":1,"1":7,"2":7,"3":28,"4":7,"5":21,"6":6,"7":15,"8":5,"9":10,"10":4,"11":6,"12":7},"f":{"0":7,"1":28},"b":{"0":[7,21],"1":[6,15],"2":[5,10],"3":[4,6],"4":[10,5]},"_coverageSchema":"1a1c01bbd47fc00a2c39e90264f33305004495a9","hash":"801247afcf7e8250bf12fb006a2c50654d3a709d"}
,"/home/grey_psn/Projects/fullstack-javascript-project-46/src/index.js": {"path":"/home/grey_psn/Projects/fullstack-javascript-project-46/src/index.js","statementMap":{"0":{"start":{"line":7,"column":16},"end":{"line":7,"column":67}},"1":{"start":{"line":7,"column":30},"end":{"line":7,"column":67}},"2":{"start":{"line":8,"column":22},"end":{"line":8,"column":67}},"3":{"start":{"line":8,"column":36},"end":{"line":8,"column":67}},"4":{"start":{"line":9,"column":17},"end":{"line":9,"column":61}},"5":{"start":{"line":9,"column":31},"end":{"line":9,"column":61}},"6":{"start":{"line":11,"column":15},"end":{"line":19,"column":1}},"7":{"start":{"line":12,"column":16},"end":{"line":12,"column":34}},"8":{"start":{"line":13,"column":16},"end":{"line":13,"column":60}},"9":{"start":{"line":14,"column":16},"end":{"line":14,"column":34}},"10":{"start":{"line":15,"column":16},"end":{"line":15,"column":60}},"11":{"start":{"line":16,"column":20},"end":{"line":16,"column":68}},"12":{"start":{"line":18,"column":2},"end":{"line":18,"column":19}}},"fnMap":{"0":{"name":"(anonymous_0)","decl":{"start":{"line":7,"column":16},"end":{"line":7,"column":17}},"loc":{"start":{"line":7,"column":30},"end":{"line":7,"column":67}},"line":7},"1":{"name":"(anonymous_1)","decl":{"start":{"line":8,"column":22},"end":{"line":8,"column":23}},"loc":{"start":{"line":8,"column":36},"end":{"line":8,"column":67}},"line":8},"2":{"name":"(anonymous_2)","decl":{"start":{"line":9,"column":17},"end":{"line":9,"column":18}},"loc":{"start":{"line":9,"column":31},"end":{"line":9,"column":61}},"line":9},"3":{"name":"(anonymous_3)","decl":{"start":{"line":11,"column":15},"end":{"line":11,"column":16}},"loc":{"start":{"line":11,"column":65},"end":{"line":19,"column":1}},"line":11}},"branchMap":{"0":{"loc":{"start":{"line":11,"column":38},"end":{"line":11,"column":60}},"type":"default-arg","locations":[{"start":{"line":11,"column":51},"end":{"line":11,"column":60}}],"line":11}},"s":{"0":1,"1":6,"2":1,"3":6,"4":1,"5":6,"6":1,"7":3,"8":3,"9":3,"10":3,"11":3,"12":3},"f":{"0":6,"1":6,"2":6,"3":3},"b":{"0":[1]},"_coverageSchema":"1a1c01bbd47fc00a2c39e90264f33305004495a9","hash":"47b65411ba0287c37c8236dd46a9d224a1a9ef2d"}
,"/home/grey_psn/Projects/fullstack-javascript-project-46/src/parsers.js": {"path":"/home/grey_psn/Projects/fullstack-javascript-project-46/src/parsers.js","statementMap":{"0":{"start":{"line":3,"column":14},"end":{"line":6,"column":1}},"1":{"start":{"line":4,"column":18},"end":{"line":4,"column":71}},"2":{"start":{"line":5,"column":2},"end":{"line":5,"column":31}}},"fnMap":{"0":{"name":"(anonymous_0)","decl":{"start":{"line":3,"column":14},"end":{"line":3,"column":15}},"loc":{"start":{"line":3,"column":32},"end":{"line":6,"column":1}},"line":3}},"branchMap":{},"s":{"0":1,"1":6,"2":6},"f":{"0":6},"b":{},"_coverageSchema":"1a1c01bbd47fc00a2c39e90264f33305004495a9","hash":"53e1c5d01dbadb741ee38e6df7c854bdb0f6800f"}
,"/home/grey_psn/Projects/fullstack-javascript-project-46/src/formatters/index.js": {"path":"/home/grey_psn/Projects/fullstack-javascript-project-46/src/formatters/index.js","statementMap":{"0":{"start":{"line":5,"column":22},"end":{"line":13,"column":1}},"1":{"start":{"line":6,"column":21},"end":{"line":10,"column":3}},"2":{"start":{"line":11,"column":20},"end":{"line":11,"column":42}},"3":{"start":{"line":12,"column":2},"end":{"line":12,"column":25}}},"fnMap":{"0":{"name":"(anonymous_0)","decl":{"start":{"line":5,"column":22},"end":{"line":5,"column":23}},"loc":{"start":{"line":5,"column":44},"end":{"line":13,"column":1}},"line":5}},"branchMap":{},"s":{"0":1,"1":3,"2":3,"3":3},"f":{"0":3},"b":{},"_coverageSchema":"1a1c01bbd47fc00a2c39e90264f33305004495a9","hash":"b48c7b84d906aca0cacdeecaf505c5c6321bbb9d"}
,"/home/grey_psn/Projects/fullstack-javascript-project-46/src/formatters/json.js": {"path":"/home/grey_psn/Projects/fullstack-javascript-project-46/src/formatters/json.js","statementMap":{"0":{"start":{"line":1,"column":19},"end":{"line":1,"column":49}},"1":{"start":{"line":1,"column":29},"end":{"line":1,"column":49}}},"fnMap":{"0":{"name":"(anonymous_0)","decl":{"start":{"line":1,"column":19},"end":{"line":1,"column":20}},"loc":{"start":{"line":1,"column":29},"end":{"line":1,"column":49}},"line":1}},"branchMap":{},"s":{"0":1,"1":1},"f":{"0":1},"b":{},"_coverageSchema":"1a1c01bbd47fc00a2c39e90264f33305004495a9","hash":"5a4882cc643f9cdec1293d0568335bff5805c724"}
,"/home/grey_psn/Projects/fullstack-javascript-project-46/src/formatters/plain.js": {"path":"/home/grey_psn/Projects/fullstack-javascript-project-46/src/formatters/plain.js","statementMap":{"0":{"start":{"line":3,"column":15},"end":{"line":11,"column":1}},"1":{"start":{"line":4,"column":2},"end":{"line":6,"column":3}},"2":{"start":{"line":5,"column":4},"end":{"line":5,"column":29}},"3":{"start":{"line":7,"column":2},"end":{"line":9,"column":3}},"4":{"start":{"line":8,"column":4},"end":{"line":8,"column":24}},"5":{"start":{"line":10,"column":2},"end":{"line":10,"column":15}},"6":{"start":{"line":13,"column":18},"end":{"line":37,"column":1}},"7":{"start":{"line":14,"column":17},"end":{"line":35,"column":6}},"8":{"start":{"line":15,"column":21},"end":{"line":15,"column":46}},"9":{"start":{"line":17,"column":22},"end":{"line":17,"column":42}},"10":{"start":{"line":18,"column":6},"end":{"line":34,"column":7}},"11":{"start":{"line":20,"column":10},"end":{"line":20,"column":62}},"12":{"start":{"line":23,"column":22},"end":{"line":23,"column":39}},"13":{"start":{"line":24,"column":10},"end":{"line":24,"column":79}},"14":{"start":{"line":27,"column":25},"end":{"line":27,"column":51}},"15":{"start":{"line":28,"column":25},"end":{"line":28,"column":51}},"16":{"start":{"line":29,"column":10},"end":{"line":29,"column":91}},"17":{"start":{"line":32,"column":10},"end":{"line":32,"column":47}},"18":{"start":{"line":36,"column":2},"end":{"line":36,"column":27}},"19":{"start":{"line":39,"column":20},"end":{"line":39,"column":49}},"20":{"start":{"line":39,"column":30},"end":{"line":39,"column":49}}},"fnMap":{"0":{"name":"(anonymous_0)","decl":{"start":{"line":3,"column":15},"end":{"line":3,"column":16}},"loc":{"start":{"line":3,"column":26},"end":{"line":11,"column":1}},"line":3},"1":{"name":"(anonymous_1)","decl":{"start":{"line":13,"column":18},"end":{"line":13,"column":19}},"loc":{"start":{"line":13,"column":39},"end":{"line":37,"column":1}},"line":13},"2":{"name":"(anonymous_2)","decl":{"start":{"line":15,"column":12},"end":{"line":15,"column":13}},"loc":{"start":{"line":15,"column":21},"end":{"line":15,"column":46}},"line":15},"3":{"name":"(anonymous_3)","decl":{"start":{"line":16,"column":9},"end":{"line":16,"column":10}},"loc":{"start":{"line":16,"column":18},"end":{"line":35,"column":5}},"line":16},"4":{"name":"(anonymous_4)","decl":{"start":{"line":39,"column":20},"end":{"line":39,"column":21}},"loc":{"start":{"line":39,"column":30},"end":{"line":39,"column":49}},"line":39}},"branchMap":{"0":{"loc":{"start":{"line":4,"column":2},"end":{"line":6,"column":3}},"type":"if","locations":[{"start":{"line":4,"column":2},"end":{"line":6,"column":3}},{"start":{},"end":{}}],"line":4},"1":{"loc":{"start":{"line":7,"column":2},"end":{"line":9,"column":3}},"type":"if","locations":[{"start":{"line":7,"column":2},"end":{"line":9,"column":3}},{"start":{},"end":{}}],"line":7},"2":{"loc":{"start":{"line":13,"column":25},"end":{"line":13,"column":34}},"type":"default-arg","locations":[{"start":{"line":13,"column":32},"end":{"line":13,"column":34}}],"line":13},"3":{"loc":{"start":{"line":18,"column":6},"end":{"line":34,"column":7}},"type":"switch","locations":[{"start":{"line":19,"column":8},"end":{"line":21,"column":9}},{"start":{"line":22,"column":8},"end":{"line":25,"column":9}},{"start":{"line":26,"column":8},"end":{"line":30,"column":9}},{"start":{"line":31,"column":8},"end":{"line":33,"column":9}}],"line":18}},"s":{"0":1,"1":13,"2":3,"3":10,"4":7,"5":3,"6":1,"7":5,"8":18,"9":15,"10":15,"11":2,"12":5,"13":5,"14":4,"15":4,"16":4,"17":4,"18":5,"19":1,"20":1},"f":{"0":13,"1":5,"2":18,"3":15,"4":1},"b":{"0":[3,10],"1":[7,3],"2":[0],"3":[2,5,4,4]},"_coverageSchema":"1a1c01bbd47fc00a2c39e90264f33305004495a9","hash":"8f748b24af32c16523f27006e6d537284635c5a5"}
,"/home/grey_psn/Projects/fullstack-javascript-project-46/src/formatters/stylish.js": {"path":"/home/grey_psn/Projects/fullstack-javascript-project-46/src/formatters/stylish.js","statementMap":{"0":{"start":{"line":3,"column":15},"end":{"line":3,"column":76}},"1":{"start":{"line":3,"column":42},"end":{"line":3,"column":76}},"2":{"start":{"line":4,"column":15},"end":{"line":15,"column":1}},"3":{"start":{"line":5,"column":2},"end":{"line":7,"column":3}},"4":{"start":{"line":6,"column":4},"end":{"line":6,"column":17}},"5":{"start":{"line":9,"column":17},"end":{"line":12,"column":4}},"6":{"start":{"line":10,"column":27},"end":{"line":10,"column":54}},"7":{"start":{"line":11,"column":4},"end":{"line":11,"column":61}},"8":{"start":{"line":14,"column":2},"end":{"line":14,"column":56}},"9":{"start":{"line":17,"column":18},"end":{"line":44,"column":1}},"10":{"start":{"line":18,"column":17},"end":{"line":42,"column":4}},"11":{"start":{"line":19,"column":4},"end":{"line":41,"column":5}},"12":{"start":{"line":21,"column":22},"end":{"line":21,"column":46}},"13":{"start":{"line":22,"column":8},"end":{"line":22,"column":56}},"14":{"start":{"line":25,"column":22},"end":{"line":25,"column":46}},"15":{"start":{"line":26,"column":8},"end":{"line":26,"column":56}},"16":{"start":{"line":29,"column":22},"end":{"line":29,"column":46}},"17":{"start":{"line":30,"column":8},"end":{"line":30,"column":56}},"18":{"start":{"line":33,"column":23},"end":{"line":33,"column":56}},"19":{"start":{"line":34,"column":23},"end":{"line":34,"column":56}},"20":{"start":{"line":35,"column":8},"end":{"line":35,"column":98}},"21":{"start":{"line":38,"column":22},"end":{"line":38,"column":82}},"22":{"start":{"line":39,"column":8},"end":{"line":39,"column":56}},"23":{"start":{"line":43,"column":2},"end":{"line":43,"column":27}},"24":{"start":{"line":46,"column":22},"end":{"line":46,"column":61}},"25":{"start":{"line":46,"column":32},"end":{"line":46,"column":61}}},"fnMap":{"0":{"name":"(anonymous_0)","decl":{"start":{"line":3,"column":15},"end":{"line":3,"column":16}},"loc":{"start":{"line":3,"column":42},"end":{"line":3,"column":76}},"line":3},"1":{"name":"(anonymous_1)","decl":{"start":{"line":4,"column":15},"end":{"line":4,"column":16}},"loc":{"start":{"line":4,"column":33},"end":{"line":15,"column":1}},"line":4},"2":{"name":"(anonymous_2)","decl":{"start":{"line":9,"column":43},"end":{"line":9,"column":44}},"loc":{"start":{"line":9,"column":59},"end":{"line":12,"column":3}},"line":9},"3":{"name":"(anonymous_3)","decl":{"start":{"line":17,"column":18},"end":{"line":17,"column":19}},"loc":{"start":{"line":17,"column":35},"end":{"line":44,"column":1}},"line":17},"4":{"name":"(anonymous_4)","decl":{"start":{"line":18,"column":26},"end":{"line":18,"column":27}},"loc":{"start":{"line":18,"column":35},"end":{"line":42,"column":3}},"line":18},"5":{"name":"(anonymous_5)","decl":{"start":{"line":46,"column":22},"end":{"line":46,"column":23}},"loc":{"start":{"line":46,"column":32},"end":{"line":46,"column":61}},"line":46}},"branchMap":{"0":{"loc":{"start":{"line":3,"column":28},"end":{"line":3,"column":37}},"type":"default-arg","locations":[{"start":{"line":3,"column":36},"end":{"line":3,"column":37}}],"line":3},"1":{"loc":{"start":{"line":5,"column":2},"end":{"line":7,"column":3}},"type":"if","locations":[{"start":{"line":5,"column":2},"end":{"line":7,"column":3}},{"start":{},"end":{}}],"line":5},"2":{"loc":{"start":{"line":19,"column":4},"end":{"line":41,"column":5}},"type":"switch","locations":[{"start":{"line":20,"column":6},"end":{"line":23,"column":7}},{"start":{"line":24,"column":6},"end":{"line":27,"column":7}},{"start":{"line":28,"column":6},"end":{"line":31,"column":7}},{"start":{"line":32,"column":6},"end":{"line":36,"column":7}},{"start":{"line":37,"column":6},"end":{"line":40,"column":7}}],"line":19}},"s":{"0":1,"1":6,"2":1,"3":6,"4":6,"5":0,"6":0,"7":0,"8":0,"9":1,"10":1,"11":5,"12":1,"13":1,"14":2,"15":2,"16":1,"17":1,"18":1,"19":1,"20":1,"21":0,"22":0,"23":1,"24":1,"25":1},"f":{"0":6,"1":6,"2":0,"3":1,"4":5,"5":1},"b":{"0":[6],"1":[6,0],"2":[1,2,1,1,0]},"_coverageSchema":"1a1c01bbd47fc00a2c39e90264f33305004495a9","hash":"95793db6239512b08da7193cfa085679476f8f4c"}
}
