{"/home/grey_psn/Projects/fullstack-javascript-project-46/src/index.js": {"path":"/home/grey_psn/Projects/fullstack-javascript-project-46/src/index.js","statementMap":{"0":{"start":{"line":5,"column":16},"end":{"line":7,"column":1}},"1":{"start":{"line":6,"column":4},"end":{"line":6,"column":49}},"2":{"start":{"line":11,"column":17},"end":{"line":11,"column":61}},"3":{"start":{"line":11,"column":31},"end":{"line":11,"column":61}},"4":{"start":{"line":13,"column":16},"end":{"line":39,"column":1}},"5":{"start":{"line":14,"column":17},"end":{"line":14,"column":64}},"6":{"start":{"line":15,"column":14},"end":{"line":15,"column":16}},"7":{"start":{"line":16,"column":19},"end":{"line":36,"column":6}},"8":{"start":{"line":17,"column":8},"end":{"line":34,"column":69}},"9":{"start":{"line":18,"column":12},"end":{"line":18,"column":47}},"10":{"start":{"line":21,"column":15},"end":{"line":34,"column":69}},"11":{"start":{"line":22,"column":12},"end":{"line":22,"column":47}},"12":{"start":{"line":25,"column":15},"end":{"line":34,"column":69}},"13":{"start":{"line":26,"column":12},"end":{"line":26,"column":47}},"14":{"start":{"line":34,"column":8},"end":{"line":34,"column":68}},"15":{"start":{"line":38,"column":4},"end":{"line":38,"column":22}},"16":{"start":{"line":41,"column":15},"end":{"line":49,"column":1}},"17":{"start":{"line":42,"column":18},"end":{"line":42,"column":36}},"18":{"start":{"line":43,"column":18},"end":{"line":43,"column":45}},"19":{"start":{"line":45,"column":18},"end":{"line":45,"column":36}},"20":{"start":{"line":46,"column":18},"end":{"line":46,"column":45}},"21":{"start":{"line":48,"column":4},"end":{"line":48,"column":33}}},"fnMap":{"0":{"name":"(anonymous_0)","decl":{"start":{"line":5,"column":16},"end":{"line":5,"column":17}},"loc":{"start":{"line":5,"column":30},"end":{"line":7,"column":1}},"line":5},"1":{"name":"(anonymous_1)","decl":{"start":{"line":11,"column":17},"end":{"line":11,"column":18}},"loc":{"start":{"line":11,"column":31},"end":{"line":11,"column":61}},"line":11},"2":{"name":"(anonymous_2)","decl":{"start":{"line":13,"column":16},"end":{"line":13,"column":17}},"loc":{"start":{"line":13,"column":34},"end":{"line":39,"column":1}},"line":13},"3":{"name":"(anonymous_3)","decl":{"start":{"line":16,"column":32},"end":{"line":16,"column":33}},"loc":{"start":{"line":16,"column":41},"end":{"line":36,"column":5}},"line":16},"4":{"name":"(anonymous_4)","decl":{"start":{"line":41,"column":15},"end":{"line":41,"column":16}},"loc":{"start":{"line":41,"column":41},"end":{"line":49,"column":1}},"line":41}},"branchMap":{"0":{"loc":{"start":{"line":17,"column":8},"end":{"line":34,"column":69}},"type":"if","locations":[{"start":{"line":17,"column":8},"end":{"line":34,"column":69}},{"start":{"line":21,"column":15},"end":{"line":34,"column":69}}],"line":17},"1":{"loc":{"start":{"line":21,"column":15},"end":{"line":34,"column":69}},"type":"if","locations":[{"start":{"line":21,"column":15},"end":{"line":34,"column":69}},{"start":{"line":25,"column":15},"end":{"line":34,"column":69}}],"line":21},"2":{"loc":{"start":{"line":25,"column":15},"end":{"line":34,"column":69}},"type":"if","locations":[{"start":{"line":25,"column":15},"end":{"line":34,"column":69}},{"start":{"line":28,"column":15},"end":{"line":34,"column":69}}],"line":25}},"s":{"0":1,"1":2,"2":1,"3":2,"4":1,"5":1,"6":1,"7":1,"8":5,"9":1,"10":4,"11":2,"12":2,"13":1,"14":1,"15":1,"16":1,"17":1,"18":1,"19":1,"20":1,"21":1},"f":{"0":2,"1":2,"2":1,"3":5,"4":1},"b":{"0":[1,4],"1":[2,2],"2":[1,1]},"_coverageSchema":"1a1c01bbd47fc00a2c39e90264f33305004495a9","hash":"e7e17022270e93717b4d568f3cb2ad73967e6e59"}
}
