TN:
SF:src/index.js
FN:5,(anonymous_0)
FN:11,(anonymous_1)
FN:13,(anonymous_2)
FN:16,(anonymous_3)
FN:41,(anonymous_4)
FNF:5
FNH:5
FNDA:2,(anonymous_0)
FNDA:2,(anonymous_1)
FNDA:1,(anonymous_2)
FNDA:5,(anonymous_3)
FNDA:1,(anonymous_4)
DA:5,1
DA:6,2
DA:11,2
DA:13,1
DA:14,1
DA:15,1
DA:16,1
DA:17,5
DA:18,1
DA:21,4
DA:22,2
DA:25,2
DA:26,1
DA:34,1
DA:38,1
DA:41,1
DA:42,1
DA:43,1
DA:45,1
DA:46,1
DA:48,1
LF:21
LH:21
BRDA:17,0,0,1
BRDA:17,0,1,4
BRDA:21,1,0,2
BRDA:21,1,1,2
BRDA:25,2,0,1
BRDA:25,2,1,1
BRF:6
BRH:6
end_of_record
