TN:
SF:src/compare.js
FN:3,(anonymous_0)
FN:5,(anonymous_1)
FNF:2
FNH:2
FNDA:7,(anonymous_0)
FNDA:28,(anonymous_1)
DA:3,1
DA:4,7
DA:5,7
DA:6,28
DA:7,7
DA:9,21
DA:10,6
DA:12,15
DA:13,5
DA:15,10
DA:16,4
DA:18,6
DA:21,7
LF:13
LH:13
BRDA:6,0,0,7
BRDA:6,0,1,21
BRDA:9,1,0,6
BRDA:9,1,1,15
BRDA:12,2,0,5
BRDA:12,2,1,10
BRDA:15,3,0,4
BRDA:15,3,1,6
BRDA:15,4,0,10
BRDA:15,4,1,5
BRF:10
BRH:10
end_of_record
TN:
SF:src/index.js
FN:7,(anonymous_0)
FN:8,(anonymous_1)
FN:9,(anonymous_2)
FN:11,(anonymous_3)
FNF:4
FNH:4
FNDA:6,(anonymous_0)
FNDA:6,(anonymous_1)
FNDA:6,(anonymous_2)
FNDA:3,(anonymous_3)
DA:7,6
DA:8,6
DA:9,6
DA:11,1
DA:12,3
DA:13,3
DA:14,3
DA:15,3
DA:16,3
DA:18,3
LF:10
LH:10
BRDA:11,0,0,1
BRF:1
BRH:1
end_of_record
TN:
SF:src/parsers.js
FN:3,(anonymous_0)
FNF:1
FNH:1
FNDA:6,(anonymous_0)
DA:3,1
DA:4,6
DA:5,6
LF:3
LH:3
BRF:0
BRH:0
end_of_record
TN:
SF:src/formatters/index.js
FN:5,(anonymous_0)
FNF:1
FNH:1
FNDA:3,(anonymous_0)
DA:5,1
DA:6,3
DA:11,3
DA:12,3
LF:4
LH:4
BRF:0
BRH:0
end_of_record
TN:
SF:src/formatters/json.js
FN:1,(anonymous_0)
FNF:1
FNH:1
FNDA:1,(anonymous_0)
DA:1,1
LF:1
LH:1
BRF:0
BRH:0
end_of_record
TN:
SF:src/formatters/plain.js
FN:3,(anonymous_0)
FN:13,(anonymous_1)
FN:15,(anonymous_2)
FN:16,(anonymous_3)
FN:39,(anonymous_4)
FNF:5
FNH:5
FNDA:13,(anonymous_0)
FNDA:5,(anonymous_1)
FNDA:18,(anonymous_2)
FNDA:15,(anonymous_3)
FNDA:1,(anonymous_4)
DA:3,1
DA:4,13
DA:5,3
DA:7,10
DA:8,7
DA:10,3
DA:13,1
DA:14,5
DA:15,18
DA:17,15
DA:18,15
DA:20,2
DA:23,5
DA:24,5
DA:27,4
DA:28,4
DA:29,4
DA:32,4
DA:36,5
DA:39,1
LF:20
LH:20
BRDA:4,0,0,3
BRDA:4,0,1,10
BRDA:7,1,0,7
BRDA:7,1,1,3
BRDA:13,2,0,0
BRDA:18,3,0,2
BRDA:18,3,1,5
BRDA:18,3,2,4
BRDA:18,3,3,4
BRF:9
BRH:8
end_of_record
TN:
SF:src/formatters/stylish.js
FN:3,(anonymous_0)
FN:4,(anonymous_1)
FN:9,(anonymous_2)
FN:17,(anonymous_3)
FN:18,(anonymous_4)
FN:46,(anonymous_5)
FNF:6
FNH:5
FNDA:6,(anonymous_0)
FNDA:6,(anonymous_1)
FNDA:0,(anonymous_2)
FNDA:1,(anonymous_3)
FNDA:5,(anonymous_4)
FNDA:1,(anonymous_5)
DA:3,6
DA:4,1
DA:5,6
DA:6,6
DA:9,0
DA:10,0
DA:11,0
DA:14,0
DA:17,1
DA:18,1
DA:19,5
DA:21,1
DA:22,1
DA:25,2
DA:26,2
DA:29,1
DA:30,1
DA:33,1
DA:34,1
DA:35,1
DA:38,0
DA:39,0
DA:43,1
DA:46,1
LF:24
LH:18
BRDA:3,0,0,6
BRDA:5,1,0,6
BRDA:5,1,1,0
BRDA:19,2,0,1
BRDA:19,2,1,2
BRDA:19,2,2,1
BRDA:19,2,3,1
BRDA:19,2,4,0
BRF:8
BRH:6
end_of_record
